<?xml version="1.0" encoding="UTF-8"?>
<testsuite name="com.example.hello.ExampleUnitTest" tests="1" skipped="0" failures="0" errors="0" timestamp="2020-01-11T08:59:47" hostname="nb-HZ20053043" time="0.002">
  <properties/>
  <testcase name="addition_isCorrect" classname="com.example.hello.ExampleUnitTest" time="0.002"/>
  <system-out><![CDATA[]]></system-out>
  <system-err><![CDATA[]]></system-err>
</testsuite>
